<!DOCTYPE html PUBLIC "-//W3C//DTD XHTML 1.1//EN" "https://www.w3.org/TR/xhtml11/DTD/xhtml11.dtd">
<html xmlns="https://www.w3.org/1999/xhtml">
<head>
<meta charset='utf-8'>
<title>TestNG Report</title>
<style type="text/css">
table {margin-bottom:10px;border-collapse:collapse;empty-cells:show}
td,th {border:1px solid #009;padding:.25em .5em}
.result th {vertical-align:bottom}
.param th {padding-left:1em;padding-right:1em}
.param td {padding-left:.5em;padding-right:2em}
.stripe td,.stripe th {background-color: #E6EBF9}
.numi,.numi_attn {text-align:right}
.total td {font-weight:bold}
.passedodd td {background-color: #0A0}
.passedeven td {background-color: #3F3}
.skippedodd td {background-color: #CCC}
.skippedodd td {background-color: #DDD}
.failedodd td,.numi_attn {background-color: #F33}
.failedeven td,.stripe .numi_attn {background-color: #D00}
.stacktrace {white-space:pre;font-family:monospace}
.totop {font-size:85%;text-align:center;border-bottom:2px solid #000}
</style>
</head>
<body>
<table cellspacing="0" cellpadding="0" class="testOverview">
<tr><th>Test</th><th>Methods<br/>Passed</th><th>Scenarios<br/>Passed</th><th># skipped</th><th># failed</th><th>Total<br/>Time</th><th>Included<br/>Groups</th><th>Excluded<br/>Groups</th></tr>
<tr><td style="text-align:left;padding-right:2em"><a href="#t1">Chrome Testing</a></td><td class="numi">10</td><td class="numi">10</td><td class="numi">0</td><td class="numi_attn">7</td><td class="numi">184,4 seconds</td><td class="numi"></td><td class="numi"></td></tr>
<tr class="stripe"><td style="text-align:left;padding-right:2em"><a href="#t2">FireFox Testing</a></td><td class="numi">16</td><td class="numi">16</td><td class="numi">0</td><td class="numi_attn">1</td><td class="numi">212,6 seconds</td><td class="numi"></td><td class="numi"></td></tr>
<tr class="total"><td>Total</td>
<td class="numi">26</td><td class="numi">26</td><td class="numi">0</td><td class="numi_attn">8</td><td class="numi">212,6 seconds</td><td colspan="2">&nbsp;</td></tr>
</table>
<table cellspacing="0" cellpadding="0" class="methodOverview" id="summary">
<tr><th>Class</th><th>Method</th><th># of<br/>Scenarios</th><th>Start</th><th>Time<br/>(ms)</th></tr>
<tr id="t1"><th colspan="5">Chrome Testing &#8212; failed</th></tr>
<tr class="failedodd"><td rowspan="2">com.Artless.ChromeSuite.OpeningProjectPageTest</td><td><a href="#m1"><b>firstProject</b>  </a></td><td class="numi">1</td><td>1600631441570</td><td class="numi">1106</td></tr><tr class="failedodd"><td><a href="#m2"><b>fourthProject</b>  </a></td><td class="numi">1</td><td>1600631442816</td><td class="numi">10022</td></tr>
<tr class="failedeven"><td>com.Artless.ChromeSuite.TestingMandatoryEmailTest</td><td><a href="#m3"><b>isEmailMandatory</b>  </a></td><td class="numi">1</td><td>1600631452868</td><td class="numi">3045</td></tr>
<tr class="failedodd"><td rowspan="3">com.Artless.ChromeSuite.OpeningProjectPageTest</td><td><a href="#m4"><b>secondProject</b>  </a></td><td class="numi">1</td><td>1600631461174</td><td class="numi">10070</td></tr><tr class="failedodd"><td><a href="#m5"><b>sixthProject</b>  </a></td><td class="numi">1</td><td>1600631471305</td><td class="numi">10058</td></tr><tr class="failedodd"><td><a href="#m6"><b>thirdProject</b>  </a></td><td class="numi">1</td><td>1600631481410</td><td class="numi">10055</td></tr>
<tr class="failedeven"><td>com.Artless.ChromeSuite.TestingSendingFormTest</td><td><a href="#m7"><b>isMessageCorrect</b> (polish_characters) </a></td><td class="numi">1</td><td>1600631491502</td><td class="numi">32</td></tr>
<tr><th colspan="5">Chrome Testing &#8212; passed</th></tr>
<tr class="passedodd"><td>com.Artless.ChromeSuite.TestingListsOfValuesForProjectTest</td><td><a href="#m8"><b>ProjectListOfValuesIsCorrect</b>  </a></td><td class="numi">1</td><td>1600631431289</td><td class="numi">131</td></tr>
<tr class="passedeven"><td rowspan="4">com.Artless.ChromeSuite.TestingAttributesVisibilityTest</td><td><a href="#m9"><b>areaIsDisplayed</b>  </a></td><td class="numi">1</td><td>1600631431420</td><td class="numi">53</td></tr><tr class="passedeven"><td><a href="#m10"><b>cityIsDisplayed</b>  </a></td><td class="numi">1</td><td>1600631431473</td><td class="numi">63</td></tr><tr class="passedeven"><td><a href="#m11"><b>deadlineIsDisplayed</b>  </a></td><td class="numi">1</td><td>1600631431536</td><td class="numi">53</td></tr><tr class="passedeven"><td><a href="#m12"><b>emailIsDisplayed</b>  </a></td><td class="numi">1</td><td>1600631431589</td><td class="numi">48</td></tr>
<tr class="passedodd"><td>com.Artless.ChromeSuite.OpeningProjectPageTest</td><td><a href="#m13"><b>fifthProject</b>  </a></td><td class="numi">1</td><td>1600631431653</td><td class="numi">9499</td></tr>
<tr class="passedeven"><td>com.Artless.ChromeSuite.TestingSendingFormTest</td><td><a href="#m14"><b>isFormSent</b> (polish_characters) </a></td><td class="numi">1</td><td>1600631455917</td><td class="numi">5141</td></tr>
<tr class="passedodd"><td rowspan="2">com.Artless.ChromeSuite.TestingAttributesVisibilityTest</td><td><a href="#m15"><b>messageIsDisplayed</b>  </a></td><td class="numi">1</td><td>1600631461058</td><td class="numi">47</td></tr><tr class="passedodd"><td><a href="#m16"><b>projectIsDisplayed</b>  </a></td><td class="numi">1</td><td>1600631461105</td><td class="numi">54</td></tr>
<tr class="passedeven"><td>com.Artless.ChromeSuite.TestingSendingFormTest</td><td><a href="#m17"><b>isMessageDisplayed</b>  </a></td><td class="numi">1</td><td>1600631491534</td><td class="numi">35</td></tr>
<tr id="t2"><th colspan="5">FireFox Testing &#8212; failed</th></tr>
<tr class="failedodd"><td>com.Artless.FirefoxSuite.TestingSendingFormTest</td><td><a href="#m18"><b>isMessageCorrect</b> (polish_characters) </a></td><td class="numi">1</td><td>1600631520739</td><td class="numi">48</td></tr>
<tr><th colspan="5">FireFox Testing &#8212; passed</th></tr>
<tr class="passedodd"><td>com.Artless.FirefoxSuite.TestingListsOfValuesForProjectTest</td><td><a href="#m19"><b>ProjectListOfValuesIsCorrect</b>  </a></td><td class="numi">1</td><td>1600631468021</td><td class="numi">85</td></tr>
<tr class="passedeven"><td>com.Artless.FirefoxSuite.TestingAttributesVisibilityTest</td><td><a href="#m20"><b>emailIsDisplayed</b> (com.Artless.FirefoxSuite.TestingAttributesVisibilityTest) </a></td><td class="numi">1</td><td>1600631468106</td><td class="numi">52</td></tr>
<tr class="passedodd"><td rowspan="3">com.Artless.FirefoxSuite.OpeningProjectPageTest</td><td><a href="#m21"><b>fifthProject</b>  </a></td><td class="numi">1</td><td>1600631468158</td><td class="numi">9440</td></tr><tr class="passedodd"><td><a href="#m22"><b>firstProject</b>  </a></td><td class="numi">1</td><td>1600631477874</td><td class="numi">8229</td></tr><tr class="passedodd"><td><a href="#m23"><b>fourthProject</b>  </a></td><td class="numi">1</td><td>1600631486374</td><td class="numi">6047</td></tr>
<tr class="passedeven"><td>com.Artless.FirefoxSuite.TestingMandatoryEmailTest</td><td><a href="#m24"><b>isEmailMandatory</b>  </a></td><td class="numi">1</td><td>1600631492718</td><td class="numi">283</td></tr>
<tr class="passedodd"><td>com.Artless.FirefoxSuite.TestingSendingFormTest</td><td><a href="#m25"><b>isFormSent</b> (polish_characters) </a></td><td class="numi">1</td><td>1600631493001</td><td class="numi">3318</td></tr>
<tr class="passedeven"><td rowspan="3">com.Artless.FirefoxSuite.OpeningProjectPageTest</td><td><a href="#m26"><b>secondProject</b>  </a></td><td class="numi">1</td><td>1600631496319</td><td class="numi">5999</td></tr><tr class="passedeven"><td><a href="#m27"><b>sixthProject</b>  </a></td><td class="numi">1</td><td>1600631502586</td><td class="numi">10512</td></tr><tr class="passedeven"><td><a href="#m28"><b>thirdProject</b>  </a></td><td class="numi">1</td><td>1600631513380</td><td class="numi">7109</td></tr>
<tr class="passedodd"><td>com.Artless.FirefoxSuite.TestingSendingFormTest</td><td><a href="#m29"><b>isMessageDisplayed</b>  </a></td><td class="numi">1</td><td>1600631520789</td><td class="numi">51</td></tr>
<tr class="passedeven"><td rowspan="5">com.Artless.FirefoxSuite.TestingAttributesVisibilityTest</td><td><a href="#m30"><b>projectIsDisplayed</b> (com.Artless.FirefoxSuite.TestingAttributesVisibilityTest) </a></td><td class="numi">1</td><td>1600631520848</td><td class="numi">50</td></tr><tr class="passedeven"><td><a href="#m31"><b>cityIsDisplayed</b> (com.Artless.FirefoxSuite.TestingAttributesVisibilityTest) </a></td><td class="numi">1</td><td>1600631520900</td><td class="numi">52</td></tr><tr class="passedeven"><td><a href="#m32"><b>areaIsDisplayed</b> (com.Artless.FirefoxSuite.TestingAttributesVisibilityTest) </a></td><td class="numi">1</td><td>1600631520953</td><td class="numi">56</td></tr><tr class="passedeven"><td><a href="#m33"><b>deadlineIsDisplayed</b> (com.Artless.FirefoxSuite.TestingAttributesVisibilityTest) </a></td><td class="numi">1</td><td>1600631521009</td><td class="numi">61</td></tr><tr class="passedeven"><td><a href="#m34"><b>messageIsDisplayed</b> (com.Artless.FirefoxSuite.TestingAttributesVisibilityTest) </a></td><td class="numi">1</td><td>1600631521070</td><td class="numi">60</td></tr>
</table>
<h1>Chrome Testing</h1>
<h2 id="m1">com.Artless.ChromeSuite.OpeningProjectPageTest:secondProject</h2>
<div>
<div class="stacktrace">org.openqa.selenium.NoSuchElementException: no such element: Unable to locate element: {&quot;method&quot;:&quot;xpath&quot;,&quot;selector&quot;:&quot;//div[@class=&apos;link&apos;]//p[contains(text(),&apos;w zrekonstruowanej kamienicy&apos;)]&quot;}
  (Session info: chrome=85.0.4183.102)
For documentation on this error, please visit: https://www.seleniumhq.org/exceptions/no_such_element.html
Build info: version: &apos;3.141.59&apos;, revision: &apos;e82be7d358&apos;, time: &apos;2018-11-14T08:17:03&apos;
System info: host: &apos;LAPTOP-NVO7RH8C&apos;, ip: &apos;192.168.1.3&apos;, os.name: &apos;Windows 10&apos;, os.arch: &apos;amd64&apos;, os.version: &apos;10.0&apos;, java.version: &apos;11.0.6&apos;
Driver info: org.openqa.selenium.chrome.ChromeDriver
Capabilities {acceptInsecureCerts: false, browserName: chrome, browserVersion: 85.0.4183.102, chrome: {chromedriverVersion: 85.0.4183.87 (cd6713ebf92fa..., userDataDir: C:\Users\mnpos\AppData\Loca...}, goog:chromeOptions: {debuggerAddress: localhost:64319}, javascriptEnabled: true, networkConnectionEnabled: false, pageLoadStrategy: normal, platform: WINDOWS, platformName: WINDOWS, proxy: Proxy(), setWindowRect: true, strictFileInteractability: false, timeouts: {implicit: 0, pageLoad: 300000, script: 30000}, unhandledPromptBehavior: dismiss and notify, webauthn:virtualAuthenticators: true}
Session ID: e245083fff022b525b55046de5bbbea8
*** Element info: {Using=xpath, value=//div[@class=&apos;link&apos;]//p[contains(text(),&apos;w zrekonstruowanej kamienicy&apos;)]}
	at java.base/jdk.internal.reflect.NativeConstructorAccessorImpl.newInstance0(Native Method)
	at java.base/jdk.internal.reflect.NativeConstructorAccessorImpl.newInstance(NativeConstructorAccessorImpl.java:62)
	at java.base/jdk.internal.reflect.DelegatingConstructorAccessorImpl.newInstance(DelegatingConstructorAccessorImpl.java:45)
	at java.base/java.lang.reflect.Constructor.newInstance(Constructor.java:490)
	at org.openqa.selenium.remote.http.W3CHttpResponseCodec.createException(W3CHttpResponseCodec.java:187)
	at org.openqa.selenium.remote.http.W3CHttpResponseCodec.decode(W3CHttpResponseCodec.java:122)
	at org.openqa.selenium.remote.http.W3CHttpResponseCodec.decode(W3CHttpResponseCodec.java:49)
	at org.openqa.selenium.remote.HttpCommandExecutor.execute(HttpCommandExecutor.java:158)
	at org.openqa.selenium.remote.service.DriverCommandExecutor.execute(DriverCommandExecutor.java:83)
	at org.openqa.selenium.remote.RemoteWebDriver.execute(RemoteWebDriver.java:552)
	at org.openqa.selenium.remote.RemoteWebDriver.findElement(RemoteWebDriver.java:323)
	at org.openqa.selenium.remote.RemoteWebDriver.findElementByXPath(RemoteWebDriver.java:428)
	at org.openqa.selenium.By$ByXPath.findElement(By.java:353)
	at org.openqa.selenium.remote.RemoteWebDriver.findElement(RemoteWebDriver.java:315)
	at com.Artless.ChromeSuite.OpeningProjectPageTest.secondProject(OpeningProjectPageTest.java:54)
	at java.base/jdk.internal.reflect.NativeMethodAccessorImpl.invoke0(Native Method)
	at java.base/jdk.internal.reflect.NativeMethodAccessorImpl.invoke(NativeMethodAccessorImpl.java:62)
	at java.base/jdk.internal.reflect.DelegatingMethodAccessorImpl.invoke(DelegatingMethodAccessorImpl.java:43)
	at java.base/java.lang.reflect.Method.invoke(Method.java:566)
	at org.testng.internal.MethodInvocationHelper.invokeMethod(MethodInvocationHelper.java:132)
	at org.testng.internal.TestInvoker.invokeMethod(TestInvoker.java:599)
	at org.testng.internal.TestInvoker.invokeTestMethod(TestInvoker.java:174)
	at org.testng.internal.MethodRunner.runInSequence(MethodRunner.java:46)
	at org.testng.internal.TestInvoker$MethodInvocationAgent.invoke(TestInvoker.java:822)
	at org.testng.internal.TestInvoker.invokeTestMethods(TestInvoker.java:147)
	at org.testng.internal.TestMethodWorker.invokeTestMethods(TestMethodWorker.java:146)
	at org.testng.internal.TestMethodWorker.run(TestMethodWorker.java:128)
	at java.base/java.util.ArrayList.forEach(ArrayList.java:1540)
	at org.testng.TestRunner.privateRun(TestRunner.java:764)
	at org.testng.TestRunner.run(TestRunner.java:585)
	at org.testng.SuiteRunner.runTest(SuiteRunner.java:384)
	at org.testng.SuiteRunner.access$000(SuiteRunner.java:28)
	at org.testng.SuiteRunner$SuiteWorker.run(SuiteRunner.java:425)
	at org.testng.internal.thread.ThreadUtil.lambda$execute$0(ThreadUtil.java:66)
	at java.base/java.util.concurrent.FutureTask.run(FutureTask.java:264)
	at java.base/java.util.concurrent.ThreadPoolExecutor.runWorker(ThreadPoolExecutor.java:1128)
	at java.base/java.util.concurrent.ThreadPoolExecutor$Worker.run(ThreadPoolExecutor.java:628)
	at java.base/java.lang.Thread.run(Thread.java:834)
</div>
</div>
<p class="totop"><a href="#summary">back to summary</a></p>
<h2 id="m2">com.Artless.ChromeSuite.OpeningProjectPageTest:thirdProject</h2>
<div>
<div class="stacktrace">org.openqa.selenium.NoSuchElementException: no such element: Unable to locate element: {&quot;method&quot;:&quot;xpath&quot;,&quot;selector&quot;:&quot;//div[@class=&apos;link&apos;]//p[contains(text(),&apos;z biokominkiem w roli&apos;)]&quot;}
  (Session info: chrome=85.0.4183.102)
For documentation on this error, please visit: https://www.seleniumhq.org/exceptions/no_such_element.html
Build info: version: &apos;3.141.59&apos;, revision: &apos;e82be7d358&apos;, time: &apos;2018-11-14T08:17:03&apos;
System info: host: &apos;LAPTOP-NVO7RH8C&apos;, ip: &apos;192.168.1.3&apos;, os.name: &apos;Windows 10&apos;, os.arch: &apos;amd64&apos;, os.version: &apos;10.0&apos;, java.version: &apos;11.0.6&apos;
Driver info: org.openqa.selenium.chrome.ChromeDriver
Capabilities {acceptInsecureCerts: false, browserName: chrome, browserVersion: 85.0.4183.102, chrome: {chromedriverVersion: 85.0.4183.87 (cd6713ebf92fa..., userDataDir: C:\Users\mnpos\AppData\Loca...}, goog:chromeOptions: {debuggerAddress: localhost:64319}, javascriptEnabled: true, networkConnectionEnabled: false, pageLoadStrategy: normal, platform: WINDOWS, platformName: WINDOWS, proxy: Proxy(), setWindowRect: true, strictFileInteractability: false, timeouts: {implicit: 0, pageLoad: 300000, script: 30000}, unhandledPromptBehavior: dismiss and notify, webauthn:virtualAuthenticators: true}
Session ID: e245083fff022b525b55046de5bbbea8
*** Element info: {Using=xpath, value=//div[@class=&apos;link&apos;]//p[contains(text(),&apos;z biokominkiem w roli&apos;)]}
	at java.base/jdk.internal.reflect.NativeConstructorAccessorImpl.newInstance0(Native Method)
	at java.base/jdk.internal.reflect.NativeConstructorAccessorImpl.newInstance(NativeConstructorAccessorImpl.java:62)
	at java.base/jdk.internal.reflect.DelegatingConstructorAccessorImpl.newInstance(DelegatingConstructorAccessorImpl.java:45)
	at java.base/java.lang.reflect.Constructor.newInstance(Constructor.java:490)
	at org.openqa.selenium.remote.http.W3CHttpResponseCodec.createException(W3CHttpResponseCodec.java:187)
	at org.openqa.selenium.remote.http.W3CHttpResponseCodec.decode(W3CHttpResponseCodec.java:122)
	at org.openqa.selenium.remote.http.W3CHttpResponseCodec.decode(W3CHttpResponseCodec.java:49)
	at org.openqa.selenium.remote.HttpCommandExecutor.execute(HttpCommandExecutor.java:158)
	at org.openqa.selenium.remote.service.DriverCommandExecutor.execute(DriverCommandExecutor.java:83)
	at org.openqa.selenium.remote.RemoteWebDriver.execute(RemoteWebDriver.java:552)
	at org.openqa.selenium.remote.RemoteWebDriver.findElement(RemoteWebDriver.java:323)
	at org.openqa.selenium.remote.RemoteWebDriver.findElementByXPath(RemoteWebDriver.java:428)
	at org.openqa.selenium.By$ByXPath.findElement(By.java:353)
	at org.openqa.selenium.remote.RemoteWebDriver.findElement(RemoteWebDriver.java:315)
	at com.Artless.ChromeSuite.OpeningProjectPageTest.thirdProject(OpeningProjectPageTest.java:61)
	at java.base/jdk.internal.reflect.NativeMethodAccessorImpl.invoke0(Native Method)
	at java.base/jdk.internal.reflect.NativeMethodAccessorImpl.invoke(NativeMethodAccessorImpl.java:62)
	at java.base/jdk.internal.reflect.DelegatingMethodAccessorImpl.invoke(DelegatingMethodAccessorImpl.java:43)
	at java.base/java.lang.reflect.Method.invoke(Method.java:566)
	at org.testng.internal.MethodInvocationHelper.invokeMethod(MethodInvocationHelper.java:132)
	at org.testng.internal.TestInvoker.invokeMethod(TestInvoker.java:599)
	at org.testng.internal.TestInvoker.invokeTestMethod(TestInvoker.java:174)
	at org.testng.internal.MethodRunner.runInSequence(MethodRunner.java:46)
	at org.testng.internal.TestInvoker$MethodInvocationAgent.invoke(TestInvoker.java:822)
	at org.testng.internal.TestInvoker.invokeTestMethods(TestInvoker.java:147)
	at org.testng.internal.TestMethodWorker.invokeTestMethods(TestMethodWorker.java:146)
	at org.testng.internal.TestMethodWorker.run(TestMethodWorker.java:128)
	at java.base/java.util.ArrayList.forEach(ArrayList.java:1540)
	at org.testng.TestRunner.privateRun(TestRunner.java:764)
	at org.testng.TestRunner.run(TestRunner.java:585)
	at org.testng.SuiteRunner.runTest(SuiteRunner.java:384)
	at org.testng.SuiteRunner.access$000(SuiteRunner.java:28)
	at org.testng.SuiteRunner$SuiteWorker.run(SuiteRunner.java:425)
	at org.testng.internal.thread.ThreadUtil.lambda$execute$0(ThreadUtil.java:66)
	at java.base/java.util.concurrent.FutureTask.run(FutureTask.java:264)
	at java.base/java.util.concurrent.ThreadPoolExecutor.runWorker(ThreadPoolExecutor.java:1128)
	at java.base/java.util.concurrent.ThreadPoolExecutor$Worker.run(ThreadPoolExecutor.java:628)
	at java.base/java.lang.Thread.run(Thread.java:834)
</div>
</div>
<p class="totop"><a href="#summary">back to summary</a></p>
<h2 id="m3">com.Artless.ChromeSuite.TestingSendingFormTest:isMessageCorrect</h2>
<div>
<div class="stacktrace">java.lang.AssertionError: expected [DziÄ™kujemy za przesĹ‚anie formularza.] but found [Dziękujemy za przesłanie formularza.]
	at org.testng.Assert.fail(Assert.java:99)
	at org.testng.Assert.failNotEquals(Assert.java:1037)
	at org.testng.Assert.assertEqualsImpl(Assert.java:140)
	at org.testng.Assert.assertEquals(Assert.java:122)
	at org.testng.Assert.assertEquals(Assert.java:629)
	at org.testng.Assert.assertEquals(Assert.java:639)
	at com.Artless.ChromeSuite.TestingSendingFormTest.isMessageCorrect(TestingSendingFormTest.java:53)
	at java.base/jdk.internal.reflect.NativeMethodAccessorImpl.invoke0(Native Method)
	at java.base/jdk.internal.reflect.NativeMethodAccessorImpl.invoke(NativeMethodAccessorImpl.java:62)
	at java.base/jdk.internal.reflect.DelegatingMethodAccessorImpl.invoke(DelegatingMethodAccessorImpl.java:43)
	at java.base/java.lang.reflect.Method.invoke(Method.java:566)
	at org.testng.internal.MethodInvocationHelper.invokeMethod(MethodInvocationHelper.java:132)
	at org.testng.internal.TestInvoker.invokeMethod(TestInvoker.java:599)
	at org.testng.internal.TestInvoker.invokeTestMethod(TestInvoker.java:174)
	at org.testng.internal.MethodRunner.runInSequence(MethodRunner.java:46)
	at org.testng.internal.TestInvoker$MethodInvocationAgent.invoke(TestInvoker.java:822)
	at org.testng.internal.TestInvoker.invokeTestMethods(TestInvoker.java:147)
	at org.testng.internal.TestMethodWorker.invokeTestMethods(TestMethodWorker.java:146)
	at org.testng.internal.TestMethodWorker.run(TestMethodWorker.java:128)
	at java.base/java.util.ArrayList.forEach(ArrayList.java:1540)
	at org.testng.TestRunner.privateRun(TestRunner.java:764)
	at org.testng.TestRunner.run(TestRunner.java:585)
	at org.testng.SuiteRunner.runTest(SuiteRunner.java:384)
	at org.testng.SuiteRunner.access$000(SuiteRunner.java:28)
	at org.testng.SuiteRunner$SuiteWorker.run(SuiteRunner.java:425)
	at org.testng.internal.thread.ThreadUtil.lambda$execute$0(ThreadUtil.java:66)
	at java.base/java.util.concurrent.FutureTask.run(FutureTask.java:264)
	at java.base/java.util.concurrent.ThreadPoolExecutor.runWorker(ThreadPoolExecutor.java:1128)
	at java.base/java.util.concurrent.ThreadPoolExecutor$Worker.run(ThreadPoolExecutor.java:628)
	at java.base/java.lang.Thread.run(Thread.java:834)
</div>
</div>
<p class="totop"><a href="#summary">back to summary</a></p>
<h2 id="m4">com.Artless.ChromeSuite.OpeningProjectPageTest:sixthProject</h2>
<div>
<div class="stacktrace">org.openqa.selenium.NoSuchElementException: no such element: Unable to locate element: {&quot;method&quot;:&quot;xpath&quot;,&quot;selector&quot;:&quot;//div[@class=&apos;link&apos;]//p[contains(text(),&apos;z granatem w tle&apos;)]&quot;}
  (Session info: chrome=85.0.4183.102)
For documentation on this error, please visit: https://www.seleniumhq.org/exceptions/no_such_element.html
Build info: version: &apos;3.141.59&apos;, revision: &apos;e82be7d358&apos;, time: &apos;2018-11-14T08:17:03&apos;
System info: host: &apos;LAPTOP-NVO7RH8C&apos;, ip: &apos;192.168.1.3&apos;, os.name: &apos;Windows 10&apos;, os.arch: &apos;amd64&apos;, os.version: &apos;10.0&apos;, java.version: &apos;11.0.6&apos;
Driver info: org.openqa.selenium.chrome.ChromeDriver
Capabilities {acceptInsecureCerts: false, browserName: chrome, browserVersion: 85.0.4183.102, chrome: {chromedriverVersion: 85.0.4183.87 (cd6713ebf92fa..., userDataDir: C:\Users\mnpos\AppData\Loca...}, goog:chromeOptions: {debuggerAddress: localhost:64319}, javascriptEnabled: true, networkConnectionEnabled: false, pageLoadStrategy: normal, platform: WINDOWS, platformName: WINDOWS, proxy: Proxy(), setWindowRect: true, strictFileInteractability: false, timeouts: {implicit: 0, pageLoad: 300000, script: 30000}, unhandledPromptBehavior: dismiss and notify, webauthn:virtualAuthenticators: true}
Session ID: e245083fff022b525b55046de5bbbea8
*** Element info: {Using=xpath, value=//div[@class=&apos;link&apos;]//p[contains(text(),&apos;z granatem w tle&apos;)]}
	at java.base/jdk.internal.reflect.NativeConstructorAccessorImpl.newInstance0(Native Method)
	at java.base/jdk.internal.reflect.NativeConstructorAccessorImpl.newInstance(NativeConstructorAccessorImpl.java:62)
	at java.base/jdk.internal.reflect.DelegatingConstructorAccessorImpl.newInstance(DelegatingConstructorAccessorImpl.java:45)
	at java.base/java.lang.reflect.Constructor.newInstance(Constructor.java:490)
	at org.openqa.selenium.remote.http.W3CHttpResponseCodec.createException(W3CHttpResponseCodec.java:187)
	at org.openqa.selenium.remote.http.W3CHttpResponseCodec.decode(W3CHttpResponseCodec.java:122)
	at org.openqa.selenium.remote.http.W3CHttpResponseCodec.decode(W3CHttpResponseCodec.java:49)
	at org.openqa.selenium.remote.HttpCommandExecutor.execute(HttpCommandExecutor.java:158)
	at org.openqa.selenium.remote.service.DriverCommandExecutor.execute(DriverCommandExecutor.java:83)
	at org.openqa.selenium.remote.RemoteWebDriver.execute(RemoteWebDriver.java:552)
	at org.openqa.selenium.remote.RemoteWebDriver.findElement(RemoteWebDriver.java:323)
	at org.openqa.selenium.remote.RemoteWebDriver.findElementByXPath(RemoteWebDriver.java:428)
	at org.openqa.selenium.By$ByXPath.findElement(By.java:353)
	at org.openqa.selenium.remote.RemoteWebDriver.findElement(RemoteWebDriver.java:315)
	at com.Artless.ChromeSuite.OpeningProjectPageTest.sixthProject(OpeningProjectPageTest.java:82)
	at java.base/jdk.internal.reflect.NativeMethodAccessorImpl.invoke0(Native Method)
	at java.base/jdk.internal.reflect.NativeMethodAccessorImpl.invoke(NativeMethodAccessorImpl.java:62)
	at java.base/jdk.internal.reflect.DelegatingMethodAccessorImpl.invoke(DelegatingMethodAccessorImpl.java:43)
	at java.base/java.lang.reflect.Method.invoke(Method.java:566)
	at org.testng.internal.MethodInvocationHelper.invokeMethod(MethodInvocationHelper.java:132)
	at org.testng.internal.TestInvoker.invokeMethod(TestInvoker.java:599)
	at org.testng.internal.TestInvoker.invokeTestMethod(TestInvoker.java:174)
	at org.testng.internal.MethodRunner.runInSequence(MethodRunner.java:46)
	at org.testng.internal.TestInvoker$MethodInvocationAgent.invoke(TestInvoker.java:822)
	at org.testng.internal.TestInvoker.invokeTestMethods(TestInvoker.java:147)
	at org.testng.internal.TestMethodWorker.invokeTestMethods(TestMethodWorker.java:146)
	at org.testng.internal.TestMethodWorker.run(TestMethodWorker.java:128)
	at java.base/java.util.ArrayList.forEach(ArrayList.java:1540)
	at org.testng.TestRunner.privateRun(TestRunner.java:764)
	at org.testng.TestRunner.run(TestRunner.java:585)
	at org.testng.SuiteRunner.runTest(SuiteRunner.java:384)
	at org.testng.SuiteRunner.access$000(SuiteRunner.java:28)
	at org.testng.SuiteRunner$SuiteWorker.run(SuiteRunner.java:425)
	at org.testng.internal.thread.ThreadUtil.lambda$execute$0(ThreadUtil.java:66)
	at java.base/java.util.concurrent.FutureTask.run(FutureTask.java:264)
	at java.base/java.util.concurrent.ThreadPoolExecutor.runWorker(ThreadPoolExecutor.java:1128)
	at java.base/java.util.concurrent.ThreadPoolExecutor$Worker.run(ThreadPoolExecutor.java:628)
	at java.base/java.lang.Thread.run(Thread.java:834)
</div>
</div>
<p class="totop"><a href="#summary">back to summary</a></p>
<h2 id="m5">com.Artless.ChromeSuite.OpeningProjectPageTest:firstProject</h2>
<div>
<div class="stacktrace">org.openqa.selenium.ElementClickInterceptedException: element click intercepted: Element &lt;p&gt;...&lt;/p&gt; is not clickable at point (256, 10). Other element would receive the click: &lt;span class=&quot;icon-instagram&quot;&gt;&lt;/span&gt;
  (Session info: chrome=85.0.4183.102)
Build info: version: &apos;3.141.59&apos;, revision: &apos;e82be7d358&apos;, time: &apos;2018-11-14T08:17:03&apos;
System info: host: &apos;LAPTOP-NVO7RH8C&apos;, ip: &apos;192.168.1.3&apos;, os.name: &apos;Windows 10&apos;, os.arch: &apos;amd64&apos;, os.version: &apos;10.0&apos;, java.version: &apos;11.0.6&apos;
Driver info: org.openqa.selenium.chrome.ChromeDriver
Capabilities {acceptInsecureCerts: false, browserName: chrome, browserVersion: 85.0.4183.102, chrome: {chromedriverVersion: 85.0.4183.87 (cd6713ebf92fa..., userDataDir: C:\Users\mnpos\AppData\Loca...}, goog:chromeOptions: {debuggerAddress: localhost:64319}, javascriptEnabled: true, networkConnectionEnabled: false, pageLoadStrategy: normal, platform: WINDOWS, platformName: WINDOWS, proxy: Proxy(), setWindowRect: true, strictFileInteractability: false, timeouts: {implicit: 0, pageLoad: 300000, script: 30000}, unhandledPromptBehavior: dismiss and notify, webauthn:virtualAuthenticators: true}
Session ID: e245083fff022b525b55046de5bbbea8
	at java.base/jdk.internal.reflect.NativeConstructorAccessorImpl.newInstance0(Native Method)
	at java.base/jdk.internal.reflect.NativeConstructorAccessorImpl.newInstance(NativeConstructorAccessorImpl.java:62)
	at java.base/jdk.internal.reflect.DelegatingConstructorAccessorImpl.newInstance(DelegatingConstructorAccessorImpl.java:45)
	at java.base/java.lang.reflect.Constructor.newInstance(Constructor.java:490)
	at org.openqa.selenium.remote.http.W3CHttpResponseCodec.createException(W3CHttpResponseCodec.java:187)
	at org.openqa.selenium.remote.http.W3CHttpResponseCodec.decode(W3CHttpResponseCodec.java:122)
	at org.openqa.selenium.remote.http.W3CHttpResponseCodec.decode(W3CHttpResponseCodec.java:49)
	at org.openqa.selenium.remote.HttpCommandExecutor.execute(HttpCommandExecutor.java:158)
	at org.openqa.selenium.remote.service.DriverCommandExecutor.execute(DriverCommandExecutor.java:83)
	at org.openqa.selenium.remote.RemoteWebDriver.execute(RemoteWebDriver.java:552)
	at org.openqa.selenium.remote.RemoteWebElement.execute(RemoteWebElement.java:285)
	at org.openqa.selenium.remote.RemoteWebElement.click(RemoteWebElement.java:84)
	at com.Artless.ChromeSuite.OpeningProjectPageTest.firstProject(OpeningProjectPageTest.java:47)
	at java.base/jdk.internal.reflect.NativeMethodAccessorImpl.invoke0(Native Method)
	at java.base/jdk.internal.reflect.NativeMethodAccessorImpl.invoke(NativeMethodAccessorImpl.java:62)
	at java.base/jdk.internal.reflect.DelegatingMethodAccessorImpl.invoke(DelegatingMethodAccessorImpl.java:43)
	at java.base/java.lang.reflect.Method.invoke(Method.java:566)
	at org.testng.internal.MethodInvocationHelper.invokeMethod(MethodInvocationHelper.java:132)
	at org.testng.internal.TestInvoker.invokeMethod(TestInvoker.java:599)
	at org.testng.internal.TestInvoker.invokeTestMethod(TestInvoker.java:174)
	at org.testng.internal.MethodRunner.runInSequence(MethodRunner.java:46)
	at org.testng.internal.TestInvoker$MethodInvocationAgent.invoke(TestInvoker.java:822)
	at org.testng.internal.TestInvoker.invokeTestMethods(TestInvoker.java:147)
	at org.testng.internal.TestMethodWorker.invokeTestMethods(TestMethodWorker.java:146)
	at org.testng.internal.TestMethodWorker.run(TestMethodWorker.java:128)
	at java.base/java.util.ArrayList.forEach(ArrayList.java:1540)
	at org.testng.TestRunner.privateRun(TestRunner.java:764)
	at org.testng.TestRunner.run(TestRunner.java:585)
	at org.testng.SuiteRunner.runTest(SuiteRunner.java:384)
	at org.testng.SuiteRunner.access$000(SuiteRunner.java:28)
	at org.testng.SuiteRunner$SuiteWorker.run(SuiteRunner.java:425)
	at org.testng.internal.thread.ThreadUtil.lambda$execute$0(ThreadUtil.java:66)
	at java.base/java.util.concurrent.FutureTask.run(FutureTask.java:264)
	at java.base/java.util.concurrent.ThreadPoolExecutor.runWorker(ThreadPoolExecutor.java:1128)
	at java.base/java.util.concurrent.ThreadPoolExecutor$Worker.run(ThreadPoolExecutor.java:628)
	at java.base/java.lang.Thread.run(Thread.java:834)
</div>
</div>
<p class="totop"><a href="#summary">back to summary</a></p>
<h2 id="m6">com.Artless.ChromeSuite.TestingMandatoryEmailTest:isEmailMandatory</h2>
<div>
<div class="stacktrace">java.lang.AssertionError: expected [https://artlessdesign.pl/] but found [https://artlessdesign.pl/projektowanie-wn%C4%99trz#thanks]
	at org.testng.Assert.fail(Assert.java:99)
	at org.testng.Assert.failNotEquals(Assert.java:1037)
	at org.testng.Assert.assertEqualsImpl(Assert.java:140)
	at org.testng.Assert.assertEquals(Assert.java:122)
	at org.testng.Assert.assertEquals(Assert.java:629)
	at org.testng.Assert.assertEquals(Assert.java:639)
	at com.Artless.ChromeSuite.TestingMandatoryEmailTest.isEmailMandatory(TestingMandatoryEmailTest.java:37)
	at java.base/jdk.internal.reflect.NativeMethodAccessorImpl.invoke0(Native Method)
	at java.base/jdk.internal.reflect.NativeMethodAccessorImpl.invoke(NativeMethodAccessorImpl.java:62)
	at java.base/jdk.internal.reflect.DelegatingMethodAccessorImpl.invoke(DelegatingMethodAccessorImpl.java:43)
	at java.base/java.lang.reflect.Method.invoke(Method.java:566)
	at org.testng.internal.MethodInvocationHelper.invokeMethod(MethodInvocationHelper.java:132)
	at org.testng.internal.TestInvoker.invokeMethod(TestInvoker.java:599)
	at org.testng.internal.TestInvoker.invokeTestMethod(TestInvoker.java:174)
	at org.testng.internal.MethodRunner.runInSequence(MethodRunner.java:46)
	at org.testng.internal.TestInvoker$MethodInvocationAgent.invoke(TestInvoker.java:822)
	at org.testng.internal.TestInvoker.invokeTestMethods(TestInvoker.java:147)
	at org.testng.internal.TestMethodWorker.invokeTestMethods(TestMethodWorker.java:146)
	at org.testng.internal.TestMethodWorker.run(TestMethodWorker.java:128)
	at java.base/java.util.ArrayList.forEach(ArrayList.java:1540)
	at org.testng.TestRunner.privateRun(TestRunner.java:764)
	at org.testng.TestRunner.run(TestRunner.java:585)
	at org.testng.SuiteRunner.runTest(SuiteRunner.java:384)
	at org.testng.SuiteRunner.access$000(SuiteRunner.java:28)
	at org.testng.SuiteRunner$SuiteWorker.run(SuiteRunner.java:425)
	at org.testng.internal.thread.ThreadUtil.lambda$execute$0(ThreadUtil.java:66)
	at java.base/java.util.concurrent.FutureTask.run(FutureTask.java:264)
	at java.base/java.util.concurrent.ThreadPoolExecutor.runWorker(ThreadPoolExecutor.java:1128)
	at java.base/java.util.concurrent.ThreadPoolExecutor$Worker.run(ThreadPoolExecutor.java:628)
	at java.base/java.lang.Thread.run(Thread.java:834)
</div>
</div>
<p class="totop"><a href="#summary">back to summary</a></p>
<h2 id="m7">com.Artless.ChromeSuite.OpeningProjectPageTest:fourthProject</h2>
<div>
<div class="stacktrace">org.openqa.selenium.NoSuchElementException: no such element: Unable to locate element: {&quot;method&quot;:&quot;xpath&quot;,&quot;selector&quot;:&quot;//div[@class=&apos;link&apos;]//p[contains(text(),&apos;otym akcentem&apos;)]&quot;}
  (Session info: chrome=85.0.4183.102)
For documentation on this error, please visit: https://www.seleniumhq.org/exceptions/no_such_element.html
Build info: version: &apos;3.141.59&apos;, revision: &apos;e82be7d358&apos;, time: &apos;2018-11-14T08:17:03&apos;
System info: host: &apos;LAPTOP-NVO7RH8C&apos;, ip: &apos;192.168.1.3&apos;, os.name: &apos;Windows 10&apos;, os.arch: &apos;amd64&apos;, os.version: &apos;10.0&apos;, java.version: &apos;11.0.6&apos;
Driver info: org.openqa.selenium.chrome.ChromeDriver
Capabilities {acceptInsecureCerts: false, browserName: chrome, browserVersion: 85.0.4183.102, chrome: {chromedriverVersion: 85.0.4183.87 (cd6713ebf92fa..., userDataDir: C:\Users\mnpos\AppData\Loca...}, goog:chromeOptions: {debuggerAddress: localhost:64319}, javascriptEnabled: true, networkConnectionEnabled: false, pageLoadStrategy: normal, platform: WINDOWS, platformName: WINDOWS, proxy: Proxy(), setWindowRect: true, strictFileInteractability: false, timeouts: {implicit: 0, pageLoad: 300000, script: 30000}, unhandledPromptBehavior: dismiss and notify, webauthn:virtualAuthenticators: true}
Session ID: e245083fff022b525b55046de5bbbea8
*** Element info: {Using=xpath, value=//div[@class=&apos;link&apos;]//p[contains(text(),&apos;otym akcentem&apos;)]}
	at java.base/jdk.internal.reflect.NativeConstructorAccessorImpl.newInstance0(Native Method)
	at java.base/jdk.internal.reflect.NativeConstructorAccessorImpl.newInstance(NativeConstructorAccessorImpl.java:62)
	at java.base/jdk.internal.reflect.DelegatingConstructorAccessorImpl.newInstance(DelegatingConstructorAccessorImpl.java:45)
	at java.base/java.lang.reflect.Constructor.newInstance(Constructor.java:490)
	at org.openqa.selenium.remote.http.W3CHttpResponseCodec.createException(W3CHttpResponseCodec.java:187)
	at org.openqa.selenium.remote.http.W3CHttpResponseCodec.decode(W3CHttpResponseCodec.java:122)
	at org.openqa.selenium.remote.http.W3CHttpResponseCodec.decode(W3CHttpResponseCodec.java:49)
	at org.openqa.selenium.remote.HttpCommandExecutor.execute(HttpCommandExecutor.java:158)
	at org.openqa.selenium.remote.service.DriverCommandExecutor.execute(DriverCommandExecutor.java:83)
	at org.openqa.selenium.remote.RemoteWebDriver.execute(RemoteWebDriver.java:552)
	at org.openqa.selenium.remote.RemoteWebDriver.findElement(RemoteWebDriver.java:323)
	at org.openqa.selenium.remote.RemoteWebDriver.findElementByXPath(RemoteWebDriver.java:428)
	at org.openqa.selenium.By$ByXPath.findElement(By.java:353)
	at org.openqa.selenium.remote.RemoteWebDriver.findElement(RemoteWebDriver.java:315)
	at com.Artless.ChromeSuite.OpeningProjectPageTest.fourthProject(OpeningProjectPageTest.java:68)
	at java.base/jdk.internal.reflect.NativeMethodAccessorImpl.invoke0(Native Method)
	at java.base/jdk.internal.reflect.NativeMethodAccessorImpl.invoke(NativeMethodAccessorImpl.java:62)
	at java.base/jdk.internal.reflect.DelegatingMethodAccessorImpl.invoke(DelegatingMethodAccessorImpl.java:43)
	at java.base/java.lang.reflect.Method.invoke(Method.java:566)
	at org.testng.internal.MethodInvocationHelper.invokeMethod(MethodInvocationHelper.java:132)
	at org.testng.internal.TestInvoker.invokeMethod(TestInvoker.java:599)
	at org.testng.internal.TestInvoker.invokeTestMethod(TestInvoker.java:174)
	at org.testng.internal.MethodRunner.runInSequence(MethodRunner.java:46)
	at org.testng.internal.TestInvoker$MethodInvocationAgent.invoke(TestInvoker.java:822)
	at org.testng.internal.TestInvoker.invokeTestMethods(TestInvoker.java:147)
	at org.testng.internal.TestMethodWorker.invokeTestMethods(TestMethodWorker.java:146)
	at org.testng.internal.TestMethodWorker.run(TestMethodWorker.java:128)
	at java.base/java.util.ArrayList.forEach(ArrayList.java:1540)
	at org.testng.TestRunner.privateRun(TestRunner.java:764)
	at org.testng.TestRunner.run(TestRunner.java:585)
	at org.testng.SuiteRunner.runTest(SuiteRunner.java:384)
	at org.testng.SuiteRunner.access$000(SuiteRunner.java:28)
	at org.testng.SuiteRunner$SuiteWorker.run(SuiteRunner.java:425)
	at org.testng.internal.thread.ThreadUtil.lambda$execute$0(ThreadUtil.java:66)
	at java.base/java.util.concurrent.FutureTask.run(FutureTask.java:264)
	at java.base/java.util.concurrent.ThreadPoolExecutor.runWorker(ThreadPoolExecutor.java:1128)
	at java.base/java.util.concurrent.ThreadPoolExecutor$Worker.run(ThreadPoolExecutor.java:628)
	at java.base/java.lang.Thread.run(Thread.java:834)
</div>
</div>
<p class="totop"><a href="#summary">back to summary</a></p>
<h2 id="m8">com.Artless.ChromeSuite.TestingAttributesVisibilityTest:messageIsDisplayed</h2>
<p class="totop"><a href="#summary">back to summary</a></p>
<h2 id="m9">com.Artless.ChromeSuite.TestingListsOfValuesForProjectTest:ProjectListOfValuesIsCorrect</h2>
<p class="totop"><a href="#summary">back to summary</a></p>
<h2 id="m10">com.Artless.ChromeSuite.TestingAttributesVisibilityTest:projectIsDisplayed</h2>
<p class="totop"><a href="#summary">back to summary</a></p>
<h2 id="m11">com.Artless.ChromeSuite.TestingAttributesVisibilityTest:deadlineIsDisplayed</h2>
<p class="totop"><a href="#summary">back to summary</a></p>
<h2 id="m12">com.Artless.ChromeSuite.TestingAttributesVisibilityTest:areaIsDisplayed</h2>
<p class="totop"><a href="#summary">back to summary</a></p>
<h2 id="m13">com.Artless.ChromeSuite.TestingAttributesVisibilityTest:cityIsDisplayed</h2>
<p class="totop"><a href="#summary">back to summary</a></p>
<h2 id="m14">com.Artless.ChromeSuite.OpeningProjectPageTest:fifthProject</h2>
<p class="totop"><a href="#summary">back to summary</a></p>
<h2 id="m15">com.Artless.ChromeSuite.TestingSendingFormTest:isMessageDisplayed</h2>
<p class="totop"><a href="#summary">back to summary</a></p>
<h2 id="m16">com.Artless.ChromeSuite.TestingAttributesVisibilityTest:emailIsDisplayed</h2>
<p class="totop"><a href="#summary">back to summary</a></p>
<h2 id="m17">com.Artless.ChromeSuite.TestingSendingFormTest:isFormSent</h2>
<p class="totop"><a href="#summary">back to summary</a></p>
<h1>FireFox Testing</h1>
<h2 id="m18">com.Artless.FirefoxSuite.TestingSendingFormTest:isMessageCorrect</h2>
<div>
<div class="stacktrace">java.lang.AssertionError: expected [DziÄ™kujemy za przesĹ‚anie formularza.] but found [Dziękujemy za przesłanie formularza.]
	at org.testng.Assert.fail(Assert.java:99)
	at org.testng.Assert.failNotEquals(Assert.java:1037)
	at org.testng.Assert.assertEqualsImpl(Assert.java:140)
	at org.testng.Assert.assertEquals(Assert.java:122)
	at org.testng.Assert.assertEquals(Assert.java:629)
	at org.testng.Assert.assertEquals(Assert.java:639)
	at com.Artless.FirefoxSuite.TestingSendingFormTest.isMessageCorrect(TestingSendingFormTest.java:49)
	at java.base/jdk.internal.reflect.NativeMethodAccessorImpl.invoke0(Native Method)
	at java.base/jdk.internal.reflect.NativeMethodAccessorImpl.invoke(NativeMethodAccessorImpl.java:62)
	at java.base/jdk.internal.reflect.DelegatingMethodAccessorImpl.invoke(DelegatingMethodAccessorImpl.java:43)
	at java.base/java.lang.reflect.Method.invoke(Method.java:566)
	at org.testng.internal.MethodInvocationHelper.invokeMethod(MethodInvocationHelper.java:132)
	at org.testng.internal.TestInvoker.invokeMethod(TestInvoker.java:599)
	at org.testng.internal.TestInvoker.invokeTestMethod(TestInvoker.java:174)
	at org.testng.internal.MethodRunner.runInSequence(MethodRunner.java:46)
	at org.testng.internal.TestInvoker$MethodInvocationAgent.invoke(TestInvoker.java:822)
	at org.testng.internal.TestInvoker.invokeTestMethods(TestInvoker.java:147)
	at org.testng.internal.TestMethodWorker.invokeTestMethods(TestMethodWorker.java:146)
	at org.testng.internal.TestMethodWorker.run(TestMethodWorker.java:128)
	at java.base/java.util.ArrayList.forEach(ArrayList.java:1540)
	at org.testng.TestRunner.privateRun(TestRunner.java:764)
	at org.testng.TestRunner.run(TestRunner.java:585)
	at org.testng.SuiteRunner.runTest(SuiteRunner.java:384)
	at org.testng.SuiteRunner.access$000(SuiteRunner.java:28)
	at org.testng.SuiteRunner$SuiteWorker.run(SuiteRunner.java:425)
	at org.testng.internal.thread.ThreadUtil.lambda$execute$0(ThreadUtil.java:66)
	at java.base/java.util.concurrent.FutureTask.run(FutureTask.java:264)
	at java.base/java.util.concurrent.ThreadPoolExecutor.runWorker(ThreadPoolExecutor.java:1128)
	at java.base/java.util.concurrent.ThreadPoolExecutor$Worker.run(ThreadPoolExecutor.java:628)
	at java.base/java.lang.Thread.run(Thread.java:834)
</div>
</div>
<p class="totop"><a href="#summary">back to summary</a></p>
<h2 id="m19">com.Artless.FirefoxSuite.OpeningProjectPageTest:thirdProject</h2>
<p class="totop"><a href="#summary">back to summary</a></p>
<h2 id="m20">com.Artless.FirefoxSuite.TestingAttributesVisibilityTest:projectIsDisplayed</h2>
<p class="totop"><a href="#summary">back to summary</a></p>
<h2 id="m21">com.Artless.FirefoxSuite.OpeningProjectPageTest:sixthProject</h2>
<p class="totop"><a href="#summary">back to summary</a></p>
<h2 id="m22">com.Artless.FirefoxSuite.OpeningProjectPageTest:fourthProject</h2>
<p class="totop"><a href="#summary">back to summary</a></p>
<h2 id="m23">com.Artless.FirefoxSuite.TestingMandatoryEmailTest:isEmailMandatory</h2>
<p class="totop"><a href="#summary">back to summary</a></p>
<h2 id="m24">com.Artless.FirefoxSuite.TestingSendingFormTest:isFormSent</h2>
<p class="totop"><a href="#summary">back to summary</a></p>
<h2 id="m25">com.Artless.FirefoxSuite.TestingAttributesVisibilityTest:areaIsDisplayed</h2>
<p class="totop"><a href="#summary">back to summary</a></p>
<h2 id="m26">com.Artless.FirefoxSuite.OpeningProjectPageTest:secondProject</h2>
<p class="totop"><a href="#summary">back to summary</a></p>
<h2 id="m27">com.Artless.FirefoxSuite.TestingAttributesVisibilityTest:emailIsDisplayed</h2>
<p class="totop"><a href="#summary">back to summary</a></p>
<h2 id="m28">com.Artless.FirefoxSuite.TestingAttributesVisibilityTest:deadlineIsDisplayed</h2>
<p class="totop"><a href="#summary">back to summary</a></p>
<h2 id="m29">com.Artless.FirefoxSuite.OpeningProjectPageTest:firstProject</h2>
<p class="totop"><a href="#summary">back to summary</a></p>
<h2 id="m30">com.Artless.FirefoxSuite.OpeningProjectPageTest:fifthProject</h2>
<p class="totop"><a href="#summary">back to summary</a></p>
<h2 id="m31">com.Artless.FirefoxSuite.TestingListsOfValuesForProjectTest:ProjectListOfValuesIsCorrect</h2>
<p class="totop"><a href="#summary">back to summary</a></p>
<h2 id="m32">com.Artless.FirefoxSuite.TestingSendingFormTest:isMessageDisplayed</h2>
<p class="totop"><a href="#summary">back to summary</a></p>
<h2 id="m33">com.Artless.FirefoxSuite.TestingAttributesVisibilityTest:messageIsDisplayed</h2>
<p class="totop"><a href="#summary">back to summary</a></p>
<h2 id="m34">com.Artless.FirefoxSuite.TestingAttributesVisibilityTest:cityIsDisplayed</h2>
<p class="totop"><a href="#summary">back to summary</a></p>
</body></html>
